<?xml version="1.0" encoding="UTF-8"?>
<testsuite xmlns:xsi="http://www.w3.org/2001/XMLSchema-instance" xsi:noNamespaceSchemaLocation="https://maven.apache.org/surefire/maven-surefire-plugin/xsd/surefire-test-report-3.0.xsd" version="3.0" name="com.fashion.FashionDesiginsApplicationTests" time="6.798" tests="1" errors="0" skipped="0" failures="0">
  <properties>
[...]
</properties>
  <testcase name="contextLoads" classname="com.fashion.FashionDesiginsApplicationTests" time="0.944">
    <system-out><![CDATA[09:46:43.412 [main] INFO org.springframework.test.context.support.AnnotationConfigContextLoaderUtils -- Could not detect default configuration classes for test class [com.fashion.FashionDesiginsApplicationTests]: FashionDesiginsApplicationTests does not declare any static, non-private, non-final, nested classes annotated with @Configuration.
09:46:43.553 [main] INFO org.springframework.boot.test.context.SpringBootTestContextBootstrapper -- Found @SpringBootConfiguration com.fashion.FashionDesiginsApplication for test class com.fashion.FashionDesiginsApplicationTests

  .   ____          _            __ _ _
 /\\ / ___'_ __ _ _(_)_ __  __ _ \ \ \ \
( ( )\___ | '_ | '_| | '_ \/ _` | \ \ \ \
 \\/  ___)| |_)| | | | | || (_| |  ) ) ) )
  '  |____| .__|_| |_|_| |_\__, | / / / /
 =========|_|==============|___/=/_/_/_/
 :: Spring Boot ::                (v3.1.4)

2024-12-10T09:46:44.058+05:30  WARN 22292 --- [           main] ory$DuplicateJsonObjectContextCustomizer : 

Found multiple occurrences of org.json.JSONObject on the class path:

	jar:file:/C:/Users/jithe/.m2/repository/org/json/json/20210307/json-20210307.jar!/org/json/JSONObject.class
	jar:file:/C:/Users/jithe/.m2/repository/com/vaadin/external/google/android-json/0.0.20131108.vaadin1/android-json-0.0.20131108.vaadin1.jar!/org/json/JSONObject.class

You may wish to exclude one of them to ensure predictable runtime behavior

2024-12-10T09:46:44.080+05:30  INFO 22292 --- [           main] c.f.FashionDesiginsApplicationTests      : Starting FashionDesiginsApplicationTests using Java 23.0.1 with PID 22292 (started by jithe in D:\github-desktop\UI\QA\WEB_PROD)
2024-12-10T09:46:44.082+05:30  INFO 22292 --- [           main] c.f.FashionDesiginsApplicationTests      : No active profile set, falling back to 1 default profile: "default"
2024-12-10T09:46:45.172+05:30  INFO 22292 --- [           main] .s.d.r.c.RepositoryConfigurationDelegate : Multiple Spring Data modules found, entering strict repository configuration mode
2024-12-10T09:46:45.173+05:30  INFO 22292 --- [           main] .s.d.r.c.RepositoryConfigurationDelegate : Bootstrapping Spring Data MongoDB repositories in DEFAULT mode.
2024-12-10T09:46:45.234+05:30  INFO 22292 --- [           main] .s.d.r.c.RepositoryConfigurationDelegate : Finished Spring Data repository scanning in 57 ms. Found 5 MongoDB repository interfaces.
2024-12-10T09:46:47.310+05:30  INFO 22292 --- [           main] org.mongodb.driver.client                : MongoClient with metadata {"driver": {"name": "mongo-java-driver|sync|spring-boot", "version": "4.9.1"}, "os": {"type": "Windows", "name": "Windows 11", "architecture": "amd64", "version": "10.0"}, "platform": "Java/Oracle Corporation/23.0.1+11-39", "application": {"name": "Cluster0"}} created with settings MongoClientSettings{readPreference=primary, writeConcern=WriteConcern{w=majority, wTimeout=null ms, journal=null}, retryWrites=true, retryReads=true, readConcern=ReadConcern{level=null}, credential=MongoCredential{mechanism=null, userName='user', source='admin', password=<hidden>, mechanismProperties=<hidden>}, streamFactoryFactory=null, commandListeners=[io.micrometer.core.instrument.binder.mongodb.MongoMetricsCommandListener@2fd1ad8a], codecRegistry=ProvidersCodecRegistry{codecProviders=[ValueCodecProvider{}, BsonValueCodecProvider{}, DBRefCodecProvider{}, DBObjectCodecProvider{}, DocumentCodecProvider{}, CollectionCodecProvider{}, IterableCodecProvider{}, MapCodecProvider{}, GeoJsonCodecProvider{}, GridFSFileCodecProvider{}, Jsr310CodecProvider{}, JsonObjectCodecProvider{}, BsonCodecProvider{}, EnumCodecProvider{}, com.mongodb.client.model.mql.ExpressionCodecProvider@33e0c716, com.mongodb.Jep395RecordCodecProvider@1d6a8386]}, loggerSettings=LoggerSettings{maxDocumentLength=1000}, clusterSettings={hosts=[127.0.0.1:27017], srvHost=cluster0.s5hvgjn.mongodb.net, srvServiceName=mongodb, mode=MULTIPLE, requiredClusterType=REPLICA_SET, requiredReplicaSetName='atlas-9r0m9h-shard-0', serverSelector='null', clusterListeners='[]', serverSelectionTimeout='30000 ms', localThreshold='30000 ms'}, socketSettings=SocketSettings{connectTimeoutMS=10000, readTimeoutMS=0, receiveBufferSize=0, sendBufferSize=0}, heartbeatSocketSettings=SocketSettings{connectTimeoutMS=10000, readTimeoutMS=10000, receiveBufferSize=0, sendBufferSize=0}, connectionPoolSettings=ConnectionPoolSettings{maxSize=100, minSize=0, maxWaitTimeMS=120000, maxConnectionLifeTimeMS=0, maxConnectionIdleTimeMS=0, maintenanceInitialDelayMS=0, maintenanceFrequencyMS=60000, connectionPoolListeners=[io.micrometer.core.instrument.binder.mongodb.MongoMetricsConnectionPoolListener@5aa76ad2], maxConnecting=2}, serverSettings=ServerSettings{heartbeatFrequencyMS=10000, minHeartbeatFrequencyMS=500, serverListeners='[]', serverMonitorListeners='[]'}, sslSettings=SslSettings{enabled=true, invalidHostNameAllowed=false, context=null}, applicationName='Cluster0', compressorList=[], uuidRepresentation=JAVA_LEGACY, serverApi=null, autoEncryptionSettings=null, contextProvider=null}
2024-12-10T09:46:48.588+05:30  INFO 22292 --- [gjn.mongodb.net] org.mongodb.driver.cluster               : Adding discovered server ac-x6e5jsx-shard-00-01.s5hvgjn.mongodb.net:27017 to client view of cluster
2024-12-10T09:46:48.654+05:30  INFO 22292 --- [gjn.mongodb.net] org.mongodb.driver.cluster               : Adding discovered server ac-x6e5jsx-shard-00-00.s5hvgjn.mongodb.net:27017 to client view of cluster
2024-12-10T09:46:48.655+05:30  INFO 22292 --- [gjn.mongodb.net] org.mongodb.driver.cluster               : Adding discovered server ac-x6e5jsx-shard-00-02.s5hvgjn.mongodb.net:27017 to client view of cluster
2024-12-10T09:46:48.719+05:30  INFO 22292 --- [           main] o.s.b.a.e.web.EndpointLinksResolver      : Exposing 1 endpoint(s) beneath base path '/actuator'
2024-12-10T09:46:48.793+05:30  INFO 22292 --- [           main] c.f.FashionDesiginsApplicationTests      : Started FashionDesiginsApplicationTests in 5.103 seconds (process running for 6.521)
2024-12-10T09:46:49.746+05:30  INFO 22292 --- [ngodb.net:27017] org.mongodb.driver.cluster               : Monitor thread successfully connected to server with description ServerDescription{address=ac-x6e5jsx-shard-00-00.s5hvgjn.mongodb.net:27017, type=REPLICA_SET_SECONDARY, state=CONNECTED, ok=true, minWireVersion=0, maxWireVersion=25, maxDocumentSize=16777216, logicalSessionTimeoutMinutes=30, roundTripTimeNanos=437715800, setName='atlas-9r0m9h-shard-0', canonicalAddress=ac-x6e5jsx-shard-00-00.s5hvgjn.mongodb.net:27017, hosts=[ac-x6e5jsx-shard-00-00.s5hvgjn.mongodb.net:27017, ac-x6e5jsx-shard-00-01.s5hvgjn.mongodb.net:27017, ac-x6e5jsx-shard-00-02.s5hvgjn.mongodb.net:27017], passives=[], arbiters=[], primary='ac-x6e5jsx-shard-00-02.s5hvgjn.mongodb.net:27017', tagSet=TagSet{[Tag{name='availabilityZone', value='aps1-az1'}, Tag{name='diskState', value='READY'}, Tag{name='nodeType', value='ELECTABLE'}, Tag{name='provider', value='AWS'}, Tag{name='region', value='AP_SOUTH_1'}, Tag{name='workloadType', value='OPERATIONAL'}]}, electionId=null, setVersion=300, topologyVersion=TopologyVersion{processId=67487720d5ee598fff6f1020, counter=4}, lastWriteDate=Tue Dec 10 09:46:28 IST 2024, lastUpdateTimeNanos=409757269600}
2024-12-10T09:46:49.746+05:30  INFO 22292 --- [ngodb.net:27017] org.mongodb.driver.cluster               : Monitor thread successfully connected to server with description ServerDescription{address=ac-x6e5jsx-shard-00-02.s5hvgjn.mongodb.net:27017, type=REPLICA_SET_PRIMARY, state=CONNECTED, ok=true, minWireVersion=0, maxWireVersion=25, maxDocumentSize=16777216, logicalSessionTimeoutMinutes=30, roundTripTimeNanos=337022000, setName='atlas-9r0m9h-shard-0', canonicalAddress=ac-x6e5jsx-shard-00-02.s5hvgjn.mongodb.net:27017, hosts=[ac-x6e5jsx-shard-00-00.s5hvgjn.mongodb.net:27017, ac-x6e5jsx-shard-00-01.s5hvgjn.mongodb.net:27017, ac-x6e5jsx-shard-00-02.s5hvgjn.mongodb.net:27017], passives=[], arbiters=[], primary='ac-x6e5jsx-shard-00-02.s5hvgjn.mongodb.net:27017', tagSet=TagSet{[Tag{name='availabilityZone', value='aps1-az2'}, Tag{name='diskState', value='READY'}, Tag{name='nodeType', value='ELECTABLE'}, Tag{name='provider', value='AWS'}, Tag{name='region', value='AP_SOUTH_1'}, Tag{name='workloadType', value='OPERATIONAL'}]}, electionId=7fffffff000000000000036d, setVersion=300, topologyVersion=TopologyVersion{processId=674875e29747ec04ea10266b, counter=6}, lastWriteDate=Tue Dec 10 09:46:28 IST 2024, lastUpdateTimeNanos=409757269300}
2024-12-10T09:46:49.746+05:30  INFO 22292 --- [ngodb.net:27017] org.mongodb.driver.cluster               : Monitor thread successfully connected to server with description ServerDescription{address=ac-x6e5jsx-shard-00-01.s5hvgjn.mongodb.net:27017, type=REPLICA_SET_SECONDARY, state=CONNECTED, ok=true, minWireVersion=0, maxWireVersion=25, maxDocumentSize=16777216, logicalSessionTimeoutMinutes=30, roundTripTimeNanos=437878600, setName='atlas-9r0m9h-shard-0', canonicalAddress=ac-x6e5jsx-shard-00-01.s5hvgjn.mongodb.net:27017, hosts=[ac-x6e5jsx-shard-00-00.s5hvgjn.mongodb.net:27017, ac-x6e5jsx-shard-00-01.s5hvgjn.mongodb.net:27017, ac-x6e5jsx-shard-00-02.s5hvgjn.mongodb.net:27017], passives=[], arbiters=[], primary='ac-x6e5jsx-shard-00-02.s5hvgjn.mongodb.net:27017', tagSet=TagSet{[Tag{name='availabilityZone', value='aps1-az3'}, Tag{name='diskState', value='READY'}, Tag{name='nodeType', value='ELECTABLE'}, Tag{name='provider', value='AWS'}, Tag{name='region', value='AP_SOUTH_1'}, Tag{name='workloadType', value='OPERATIONAL'}]}, electionId=null, setVersion=300, topologyVersion=TopologyVersion{processId=6748784d756d50bb60e49fc3, counter=3}, lastWriteDate=Tue Dec 10 09:46:28 IST 2024, lastUpdateTimeNanos=409757269600}
2024-12-10T09:46:49.751+05:30  INFO 22292 --- [ngodb.net:27017] org.mongodb.driver.cluster               : Discovered replica set primary ac-x6e5jsx-shard-00-02.s5hvgjn.mongodb.net:27017 with max election id 7fffffff000000000000036d and max set version 300
]]></system-out>
    <system-err><![CDATA[WARNING: A Java agent has been loaded dynamically (C:\Users\jithe\.m2\repository\net\bytebuddy\byte-buddy-agent\1.14.8\byte-buddy-agent-1.14.8.jar)
WARNING: If a serviceability tool is in use, please run with -XX:+EnableDynamicAgentLoading to hide this warning
WARNING: If a serviceability tool is not in use, please run with -Djdk.instrument.traceUsage for more information
WARNING: Dynamic loading of agents will be disallowed by default in a future release
]]></system-err>
  </testcase>
</testsuite>